Analysis & Synthesis report for ChipInterface_ball
Tue Feb  1 19:49:12 2022
Quartus Prime Version 21.1.0 Build 842 10/21/2021 SJ Lite Edition


---------------------
; Table of Contents ;
---------------------
  1. Legal Notice
  2. Analysis & Synthesis Summary
  3. Analysis & Synthesis Settings
  4. Parallel Compilation
  5. Analysis & Synthesis Source Files Read
  6. Analysis & Synthesis Resource Usage Summary
  7. Analysis & Synthesis Resource Utilization by Entity
  8. Registers Removed During Synthesis
  9. General Register Statistics
 10. Multiplexer Restructuring Statistics (Restructuring Performed)
 11. Parameter Settings for User Entity Instance: vga:vgaModule|simple_counter:row_counter
 12. Parameter Settings for User Entity Instance: vga:vgaModule|simple_counter:col_counter
 13. Parameter Settings for User Entity Instance: Ball:ball1|counter:down_reg
 14. Parameter Settings for User Entity Instance: Ball:ball1|counter:right_reg
 15. Parameter Settings for User Entity Instance: Ball:ball1|counter:row_counter
 16. Parameter Settings for User Entity Instance: Ball:ball1|count_by_2:col_counter
 17. Port Connectivity Checks: "Ball:ball1|count_by_2:col_counter"
 18. Port Connectivity Checks: "Ball:ball1|counter:row_counter"
 19. Port Connectivity Checks: "Ball:ball1|counter:right_reg"
 20. Port Connectivity Checks: "Ball:ball1|counter:down_reg"
 21. Port Connectivity Checks: "Ball:ball1"
 22. Port Connectivity Checks: "vga:vgaModule|simple_counter:col_counter"
 23. Post-Synthesis Netlist Statistics for Top Partition
 24. Elapsed Time Per Partition
 25. Analysis & Synthesis Messages
 26. Analysis & Synthesis Suppressed Messages



----------------
; Legal Notice ;
----------------
Copyright (C) 2021  Intel Corporation. All rights reserved.
Your use of Intel Corporation's design tools, logic functions 
and other software and tools, and any partner logic 
functions, and any output files from any of the foregoing 
(including device programming or simulation files), and any 
associated documentation or information are expressly subject 
to the terms and conditions of the Intel Program License 
Subscription Agreement, the Intel Quartus Prime License Agreement,
the Intel FPGA IP License Agreement, or other applicable license
agreement, including, without limitation, that your use is for
the sole purpose of programming logic devices manufactured by
Intel and sold by Intel or its authorized distributors.  Please
refer to the applicable agreement for further details, at
https://fpgasoftware.intel.com/eula.



+----------------------------------------------------------------------------------+
; Analysis & Synthesis Summary                                                     ;
+------------------------------------+---------------------------------------------+
; Analysis & Synthesis Status        ; Successful - Tue Feb  1 19:49:12 2022       ;
; Quartus Prime Version              ; 21.1.0 Build 842 10/21/2021 SJ Lite Edition ;
; Revision Name                      ; ChipInterface_ball                          ;
; Top-level Entity Name              ; ChipInterface_ball                          ;
; Family                             ; Cyclone IV E                                ;
; Total logic elements               ; 120                                         ;
;     Total combinational functions  ; 120                                         ;
;     Dedicated logic registers      ; 42                                          ;
; Total registers                    ; 42                                          ;
; Total pins                         ; 108                                         ;
; Total virtual pins                 ; 0                                           ;
; Total memory bits                  ; 0                                           ;
; Embedded Multiplier 9-bit elements ; 0                                           ;
; Total PLLs                         ; 0                                           ;
+------------------------------------+---------------------------------------------+


+------------------------------------------------------------------------------------------------------------+
; Analysis & Synthesis Settings                                                                              ;
+------------------------------------------------------------------+--------------------+--------------------+
; Option                                                           ; Setting            ; Default Value      ;
+------------------------------------------------------------------+--------------------+--------------------+
; Device                                                           ; EP4CE115F29C7      ;                    ;
; Top-level entity name                                            ; ChipInterface_ball ; ChipInterface_ball ;
; Family name                                                      ; Cyclone IV E       ; Cyclone V          ;
; Use smart compilation                                            ; Off                ; Off                ;
; Enable parallel Assembler and Timing Analyzer during compilation ; On                 ; On                 ;
; Enable compact report table                                      ; Off                ; Off                ;
; Restructure Multiplexers                                         ; Auto               ; Auto               ;
; Create Debugging Nodes for IP Cores                              ; Off                ; Off                ;
; Preserve fewer node names                                        ; On                 ; On                 ;
; Intel FPGA IP Evaluation Mode                                    ; Enable             ; Enable             ;
; Verilog Version                                                  ; Verilog_2001       ; Verilog_2001       ;
; VHDL Version                                                     ; VHDL_1993          ; VHDL_1993          ;
; State Machine Processing                                         ; Auto               ; Auto               ;
; Safe State Machine                                               ; Off                ; Off                ;
; Extract Verilog State Machines                                   ; On                 ; On                 ;
; Extract VHDL State Machines                                      ; On                 ; On                 ;
; Ignore Verilog initial constructs                                ; Off                ; Off                ;
; Iteration limit for constant Verilog loops                       ; 5000               ; 5000               ;
; Iteration limit for non-constant Verilog loops                   ; 250                ; 250                ;
; Add Pass-Through Logic to Inferred RAMs                          ; On                 ; On                 ;
; Infer RAMs from Raw Logic                                        ; On                 ; On                 ;
; Parallel Synthesis                                               ; On                 ; On                 ;
; DSP Block Balancing                                              ; Auto               ; Auto               ;
; NOT Gate Push-Back                                               ; On                 ; On                 ;
; Power-Up Don't Care                                              ; On                 ; On                 ;
; Remove Redundant Logic Cells                                     ; Off                ; Off                ;
; Remove Duplicate Registers                                       ; On                 ; On                 ;
; Ignore CARRY Buffers                                             ; Off                ; Off                ;
; Ignore CASCADE Buffers                                           ; Off                ; Off                ;
; Ignore GLOBAL Buffers                                            ; Off                ; Off                ;
; Ignore ROW GLOBAL Buffers                                        ; Off                ; Off                ;
; Ignore LCELL Buffers                                             ; Off                ; Off                ;
; Ignore SOFT Buffers                                              ; On                 ; On                 ;
; Limit AHDL Integers to 32 Bits                                   ; Off                ; Off                ;
; Optimization Technique                                           ; Balanced           ; Balanced           ;
; Carry Chain Length                                               ; 70                 ; 70                 ;
; Auto Carry Chains                                                ; On                 ; On                 ;
; Auto Open-Drain Pins                                             ; On                 ; On                 ;
; Perform WYSIWYG Primitive Resynthesis                            ; Off                ; Off                ;
; Auto ROM Replacement                                             ; On                 ; On                 ;
; Auto RAM Replacement                                             ; On                 ; On                 ;
; Auto DSP Block Replacement                                       ; On                 ; On                 ;
; Auto Shift Register Replacement                                  ; Auto               ; Auto               ;
; Allow Shift Register Merging across Hierarchies                  ; Auto               ; Auto               ;
; Auto Clock Enable Replacement                                    ; On                 ; On                 ;
; Strict RAM Replacement                                           ; Off                ; Off                ;
; Allow Synchronous Control Signals                                ; On                 ; On                 ;
; Force Use of Synchronous Clear Signals                           ; Off                ; Off                ;
; Auto RAM Block Balancing                                         ; On                 ; On                 ;
; Auto RAM to Logic Cell Conversion                                ; Off                ; Off                ;
; Auto Resource Sharing                                            ; Off                ; Off                ;
; Allow Any RAM Size For Recognition                               ; Off                ; Off                ;
; Allow Any ROM Size For Recognition                               ; Off                ; Off                ;
; Allow Any Shift Register Size For Recognition                    ; Off                ; Off                ;
; Use LogicLock Constraints during Resource Balancing              ; On                 ; On                 ;
; Ignore translate_off and synthesis_off directives                ; Off                ; Off                ;
; Timing-Driven Synthesis                                          ; On                 ; On                 ;
; Report Parameter Settings                                        ; On                 ; On                 ;
; Report Source Assignments                                        ; On                 ; On                 ;
; Report Connectivity Checks                                       ; On                 ; On                 ;
; Ignore Maximum Fan-Out Assignments                               ; Off                ; Off                ;
; Synchronization Register Chain Length                            ; 2                  ; 2                  ;
; Power Optimization During Synthesis                              ; Normal compilation ; Normal compilation ;
; HDL message level                                                ; Level2             ; Level2             ;
; Suppress Register Optimization Related Messages                  ; Off                ; Off                ;
; Number of Removed Registers Reported in Synthesis Report         ; 5000               ; 5000               ;
; Number of Swept Nodes Reported in Synthesis Report               ; 5000               ; 5000               ;
; Number of Inverted Registers Reported in Synthesis Report        ; 100                ; 100                ;
; Clock MUX Protection                                             ; On                 ; On                 ;
; Auto Gated Clock Conversion                                      ; Off                ; Off                ;
; Block Design Naming                                              ; Auto               ; Auto               ;
; SDC constraint protection                                        ; Off                ; Off                ;
; Synthesis Effort                                                 ; Auto               ; Auto               ;
; Shift Register Replacement - Allow Asynchronous Clear Signal     ; On                 ; On                 ;
; Pre-Mapping Resynthesis Optimization                             ; Off                ; Off                ;
; Analysis & Synthesis Message Level                               ; Medium             ; Medium             ;
; Disable Register Merging Across Hierarchies                      ; Auto               ; Auto               ;
; Resource Aware Inference For Block RAM                           ; On                 ; On                 ;
+------------------------------------------------------------------+--------------------+--------------------+


+------------------------------------------+
; Parallel Compilation                     ;
+----------------------------+-------------+
; Processors                 ; Number      ;
+----------------------------+-------------+
; Number detected on machine ; 8           ;
; Maximum allowed            ; 4           ;
;                            ;             ;
; Average used               ; 1.00        ;
; Maximum used               ; 4           ;
;                            ;             ;
; Usage by Processor         ; % Time Used ;
;     Processor 1            ; 100.0%      ;
;     Processors 2-4         ;   0.0%      ;
+----------------------------+-------------+


+---------------------------------------------------------------------------------------------------------------------------------------------------------------------------------------+
; Analysis & Synthesis Source Files Read                                                                                                                                                ;
+----------------------------------+-----------------+------------------------------+-----------------------------------------------------------------------------------------+---------+
; File Name with User-Entered Path ; Used in Netlist ; File Type                    ; File Name with Absolute Path                                                            ; Library ;
+----------------------------------+-----------------+------------------------------+-----------------------------------------------------------------------------------------+---------+
; chipinterface_ball.sv            ; yes             ; User SystemVerilog HDL File  ; C:/Users/SimonYu/Documents/CMU/Build18/sociallyDistancedPong/FPGA/chipinterface_ball.sv ;         ;
; ball.sv                          ; yes             ; User SystemVerilog HDL File  ; C:/Users/SimonYu/Documents/CMU/Build18/sociallyDistancedPong/FPGA/ball.sv               ;         ;
; vga.sv                           ; yes             ; User SystemVerilog HDL File  ; C:/Users/SimonYu/Documents/CMU/Build18/sociallyDistancedPong/FPGA/vga.sv                ;         ;
; Library.sv                       ; yes             ; User SystemVerilog HDL File  ; C:/Users/SimonYu/Documents/CMU/Build18/sociallyDistancedPong/FPGA/Library.sv            ;         ;
+----------------------------------+-----------------+------------------------------+-----------------------------------------------------------------------------------------+---------+


+--------------------------------------------------------------+
; Analysis & Synthesis Resource Usage Summary                  ;
+---------------------------------------------+----------------+
; Resource                                    ; Usage          ;
+---------------------------------------------+----------------+
; Estimated Total logic elements              ; 120            ;
;                                             ;                ;
; Total combinational functions               ; 120            ;
; Logic element usage by number of LUT inputs ;                ;
;     -- 4 input functions                    ; 55             ;
;     -- 3 input functions                    ; 22             ;
;     -- <=2 input functions                  ; 43             ;
;                                             ;                ;
; Logic elements by mode                      ;                ;
;     -- normal mode                          ; 75             ;
;     -- arithmetic mode                      ; 45             ;
;                                             ;                ;
; Total registers                             ; 42             ;
;     -- Dedicated logic registers            ; 42             ;
;     -- I/O registers                        ; 0              ;
;                                             ;                ;
; I/O pins                                    ; 108            ;
;                                             ;                ;
; Embedded Multiplier 9-bit elements          ; 0              ;
;                                             ;                ;
; Maximum fan-out node                        ; CLOCK_50~input ;
; Maximum fan-out                             ; 43             ;
; Total fan-out                               ; 675            ;
; Average fan-out                             ; 1.79           ;
+---------------------------------------------+----------------+


+------------------------------------------------------------------------------------------------------------------------------------------------------------------------------------------------------------------------------------------------------------------+
; Analysis & Synthesis Resource Utilization by Entity                                                                                                                                                                                                              ;
+------------------------------------+---------------------+---------------------------+-------------+--------------+---------+-----------+------+--------------+--------------------------------------------------------------+--------------------+--------------+
; Compilation Hierarchy Node         ; Combinational ALUTs ; Dedicated Logic Registers ; Memory Bits ; DSP Elements ; DSP 9x9 ; DSP 18x18 ; Pins ; Virtual Pins ; Full Hierarchy Name                                          ; Entity Name        ; Library Name ;
+------------------------------------+---------------------+---------------------------+-------------+--------------+---------+-----------+------+--------------+--------------------------------------------------------------+--------------------+--------------+
; |ChipInterface_ball                ; 120 (14)            ; 42 (0)                    ; 0           ; 0            ; 0       ; 0         ; 108  ; 0            ; |ChipInterface_ball                                          ; ChipInterface_ball ; work         ;
;    |Ball:ball1|                    ; 62 (30)             ; 21 (0)                    ; 0           ; 0            ; 0       ; 0         ; 0    ; 0            ; |ChipInterface_ball|Ball:ball1                               ; Ball               ; work         ;
;       |count_by_2:col_counter|     ; 9 (9)               ; 9 (9)                     ; 0           ; 0            ; 0       ; 0         ; 0    ; 0            ; |ChipInterface_ball|Ball:ball1|count_by_2:col_counter        ; count_by_2         ; work         ;
;       |counter:down_reg|           ; 8 (8)               ; 1 (1)                     ; 0           ; 0            ; 0       ; 0         ; 0    ; 0            ; |ChipInterface_ball|Ball:ball1|counter:down_reg              ; counter            ; work         ;
;       |counter:right_reg|          ; 4 (4)               ; 1 (1)                     ; 0           ; 0            ; 0       ; 0         ; 0    ; 0            ; |ChipInterface_ball|Ball:ball1|counter:right_reg             ; counter            ; work         ;
;       |counter:row_counter|        ; 11 (11)             ; 10 (10)                   ; 0           ; 0            ; 0       ; 0         ; 0    ; 0            ; |ChipInterface_ball|Ball:ball1|counter:row_counter           ; counter            ; work         ;
;    |vga:vgaModule|                 ; 44 (11)             ; 21 (0)                    ; 0           ; 0            ; 0       ; 0         ; 0    ; 0            ; |ChipInterface_ball|vga:vgaModule                            ; vga                ; work         ;
;       |simple_counter:col_counter| ; 11 (11)             ; 11 (11)                   ; 0           ; 0            ; 0       ; 0         ; 0    ; 0            ; |ChipInterface_ball|vga:vgaModule|simple_counter:col_counter ; simple_counter     ; work         ;
;       |simple_counter:row_counter| ; 22 (22)             ; 10 (10)                   ; 0           ; 0            ; 0       ; 0         ; 0    ; 0            ; |ChipInterface_ball|vga:vgaModule|simple_counter:row_counter ; simple_counter     ; work         ;
+------------------------------------+---------------------+---------------------------+-------------+--------------+---------+-----------+------+--------------+--------------------------------------------------------------+--------------------+--------------+
Note: For table entries with two numbers listed, the numbers in parentheses indicate the number of resources of the given type used by the specific entity alone. The numbers listed outside of parentheses indicate the total resources of the given type used by the specific entity and all of its sub-entities in the hierarchy.


+---------------------------------------------------------------------------------+
; Registers Removed During Synthesis                                              ;
+----------------------------------------+----------------------------------------+
; Register name                          ; Reason for Removal                     ;
+----------------------------------------+----------------------------------------+
; Ball:ball1|count_by_2:col_counter|Q[0] ; Stuck at GND due to stuck port data_in ;
; Total Number of Removed Registers = 1  ;                                        ;
+----------------------------------------+----------------------------------------+


+------------------------------------------------------+
; General Register Statistics                          ;
+----------------------------------------------+-------+
; Statistic                                    ; Value ;
+----------------------------------------------+-------+
; Total registers                              ; 42    ;
; Number of registers using Synchronous Clear  ; 11    ;
; Number of registers using Synchronous Load   ; 19    ;
; Number of registers using Asynchronous Clear ; 23    ;
; Number of registers using Asynchronous Load  ; 0     ;
; Number of registers using Clock Enable       ; 22    ;
; Number of registers using Preset             ; 0     ;
+----------------------------------------------+-------+


+---------------------------------------------------------------------------------------------------------------------------------------------------------------------------------+
; Multiplexer Restructuring Statistics (Restructuring Performed)                                                                                                                  ;
+--------------------+-----------+---------------+----------------------+------------------------+------------+-------------------------------------------------------------------+
; Multiplexer Inputs ; Bus Width ; Baseline Area ; Area if Restructured ; Saving if Restructured ; Registered ; Example Multiplexer Output                                        ;
+--------------------+-----------+---------------+----------------------+------------------------+------------+-------------------------------------------------------------------+
; 3:1                ; 10 bits   ; 20 LEs        ; 10 LEs               ; 10 LEs                 ; Yes        ; |ChipInterface_ball|vga:vgaModule|simple_counter:row_counter|Q[9] ;
; 3:1                ; 19 bits   ; 38 LEs        ; 19 LEs               ; 19 LEs                 ; Yes        ; |ChipInterface_ball|Ball:ball1|counter:row_counter|Q[0]           ;
+--------------------+-----------+---------------+----------------------+------------------------+------------+-------------------------------------------------------------------+


+---------------------------------------------------------------------------------------+
; Parameter Settings for User Entity Instance: vga:vgaModule|simple_counter:row_counter ;
+----------------+-------+--------------------------------------------------------------+
; Parameter Name ; Value ; Type                                                         ;
+----------------+-------+--------------------------------------------------------------+
; WIDTH          ; 10    ; Signed Integer                                               ;
+----------------+-------+--------------------------------------------------------------+
Note: In order to hide this table in the UI and the text report file, please set the "Show Parameter Settings in Synthesis Report" option in "Analysis and Synthesis Settings -> More Settings" to "Off".


+---------------------------------------------------------------------------------------+
; Parameter Settings for User Entity Instance: vga:vgaModule|simple_counter:col_counter ;
+----------------+-------+--------------------------------------------------------------+
; Parameter Name ; Value ; Type                                                         ;
+----------------+-------+--------------------------------------------------------------+
; WIDTH          ; 11    ; Signed Integer                                               ;
+----------------+-------+--------------------------------------------------------------+
Note: In order to hide this table in the UI and the text report file, please set the "Show Parameter Settings in Synthesis Report" option in "Analysis and Synthesis Settings -> More Settings" to "Off".


+--------------------------------------------------------------------------+
; Parameter Settings for User Entity Instance: Ball:ball1|counter:down_reg ;
+----------------+-------+-------------------------------------------------+
; Parameter Name ; Value ; Type                                            ;
+----------------+-------+-------------------------------------------------+
; WIDTH          ; 1     ; Signed Integer                                  ;
+----------------+-------+-------------------------------------------------+
Note: In order to hide this table in the UI and the text report file, please set the "Show Parameter Settings in Synthesis Report" option in "Analysis and Synthesis Settings -> More Settings" to "Off".


+---------------------------------------------------------------------------+
; Parameter Settings for User Entity Instance: Ball:ball1|counter:right_reg ;
+----------------+-------+--------------------------------------------------+
; Parameter Name ; Value ; Type                                             ;
+----------------+-------+--------------------------------------------------+
; WIDTH          ; 1     ; Signed Integer                                   ;
+----------------+-------+--------------------------------------------------+
Note: In order to hide this table in the UI and the text report file, please set the "Show Parameter Settings in Synthesis Report" option in "Analysis and Synthesis Settings -> More Settings" to "Off".


+-----------------------------------------------------------------------------+
; Parameter Settings for User Entity Instance: Ball:ball1|counter:row_counter ;
+----------------+-------+----------------------------------------------------+
; Parameter Name ; Value ; Type                                               ;
+----------------+-------+----------------------------------------------------+
; WIDTH          ; 10    ; Signed Integer                                     ;
+----------------+-------+----------------------------------------------------+
Note: In order to hide this table in the UI and the text report file, please set the "Show Parameter Settings in Synthesis Report" option in "Analysis and Synthesis Settings -> More Settings" to "Off".


+--------------------------------------------------------------------------------+
; Parameter Settings for User Entity Instance: Ball:ball1|count_by_2:col_counter ;
+----------------+-------+-------------------------------------------------------+
; Parameter Name ; Value ; Type                                                  ;
+----------------+-------+-------------------------------------------------------+
; WIDTH          ; 10    ; Signed Integer                                        ;
+----------------+-------+-------------------------------------------------------+
Note: In order to hide this table in the UI and the text report file, please set the "Show Parameter Settings in Synthesis Report" option in "Analysis and Synthesis Settings -> More Settings" to "Off".


+---------------------------------------------------------------+
; Port Connectivity Checks: "Ball:ball1|count_by_2:col_counter" ;
+---------+-------+----------+----------------------------------+
; Port    ; Type  ; Severity ; Details                          ;
+---------+-------+----------+----------------------------------+
; D[5..0] ; Input ; Info     ; Stuck at GND                     ;
; D[9]    ; Input ; Info     ; Stuck at GND                     ;
; D[8]    ; Input ; Info     ; Stuck at VCC                     ;
; D[7]    ; Input ; Info     ; Stuck at GND                     ;
; D[6]    ; Input ; Info     ; Stuck at VCC                     ;
; clr     ; Input ; Info     ; Stuck at GND                     ;
; reset   ; Input ; Info     ; Stuck at GND                     ;
+---------+-------+----------+----------------------------------+


+------------------------------------------------------------+
; Port Connectivity Checks: "Ball:ball1|counter:row_counter" ;
+---------+-------+----------+-------------------------------+
; Port    ; Type  ; Severity ; Details                       ;
+---------+-------+----------+-------------------------------+
; D[7..4] ; Input ; Info     ; Stuck at VCC                  ;
; D[9..8] ; Input ; Info     ; Stuck at GND                  ;
; D[3..0] ; Input ; Info     ; Stuck at GND                  ;
; clr     ; Input ; Info     ; Stuck at GND                  ;
; reset   ; Input ; Info     ; Stuck at GND                  ;
+---------+-------+----------+-------------------------------+


+----------------------------------------------------------+
; Port Connectivity Checks: "Ball:ball1|counter:right_reg" ;
+------+-------+----------+--------------------------------+
; Port ; Type  ; Severity ; Details                        ;
+------+-------+----------+--------------------------------+
; D    ; Input ; Info     ; Stuck at GND                   ;
; up   ; Input ; Info     ; Stuck at VCC                   ;
; clr  ; Input ; Info     ; Stuck at GND                   ;
; load ; Input ; Info     ; Stuck at GND                   ;
+------+-------+----------+--------------------------------+


+---------------------------------------------------------+
; Port Connectivity Checks: "Ball:ball1|counter:down_reg" ;
+------+-------+----------+-------------------------------+
; Port ; Type  ; Severity ; Details                       ;
+------+-------+----------+-------------------------------+
; D    ; Input ; Info     ; Stuck at GND                  ;
; up   ; Input ; Info     ; Stuck at VCC                  ;
; clr  ; Input ; Info     ; Stuck at GND                  ;
; load ; Input ; Info     ; Stuck at GND                  ;
+------+-------+----------+-------------------------------+


+---------------------------------------------------+
; Port Connectivity Checks: "Ball:ball1"            ;
+-----------------+-------+----------+--------------+
; Port            ; Type  ; Severity ; Details      ;
+-----------------+-------+----------+--------------+
; serve           ; Input ; Info     ; Stuck at GND ;
; ball_hit_paddle ; Input ; Info     ; Stuck at VCC ;
+-----------------+-------+----------+--------------+


+----------------------------------------------------------------------+
; Port Connectivity Checks: "vga:vgaModule|simple_counter:col_counter" ;
+------+-------+----------+--------------------------------------------+
; Port ; Type  ; Severity ; Details                                    ;
+------+-------+----------+--------------------------------------------+
; en   ; Input ; Info     ; Stuck at VCC                               ;
+------+-------+----------+--------------------------------------------+


+-----------------------------------------------------+
; Post-Synthesis Netlist Statistics for Top Partition ;
+-----------------------+-----------------------------+
; Type                  ; Count                       ;
+-----------------------+-----------------------------+
; boundary_port         ; 108                         ;
; cycloneiii_ff         ; 42                          ;
;     CLR               ; 9                           ;
;     CLR SCLR          ; 11                          ;
;     ENA CLR           ; 3                           ;
;     ENA SLD           ; 19                          ;
; cycloneiii_lcell_comb ; 123                         ;
;     arith             ; 45                          ;
;         2 data inputs ; 30                          ;
;         3 data inputs ; 15                          ;
;     normal            ; 78                          ;
;         0 data inputs ; 1                           ;
;         1 data inputs ; 6                           ;
;         2 data inputs ; 9                           ;
;         3 data inputs ; 7                           ;
;         4 data inputs ; 55                          ;
;                       ;                             ;
; Max LUT depth         ; 5.70                        ;
; Average LUT depth     ; 3.35                        ;
+-----------------------+-----------------------------+


+-------------------------------+
; Elapsed Time Per Partition    ;
+----------------+--------------+
; Partition Name ; Elapsed Time ;
+----------------+--------------+
; Top            ; 00:00:00     ;
+----------------+--------------+


+-------------------------------+
; Analysis & Synthesis Messages ;
+-------------------------------+
Info: *******************************************************************
Info: Running Quartus Prime Analysis & Synthesis
    Info: Version 21.1.0 Build 842 10/21/2021 SJ Lite Edition
    Info: Processing started: Tue Feb  1 19:49:04 2022
Info: Command: quartus_map --read_settings_files=on --write_settings_files=off balltest -c ChipInterface_ball
Warning (18236): Number of processors has not been specified which may cause overloading on shared machines.  Set the global assignment NUM_PARALLEL_PROCESSORS in your QSF to an appropriate value for best performance.
Info (20030): Parallel compilation is enabled and will use 4 of the 4 processors detected
Info (12021): Found 1 design units, including 1 entities, in source file chipinterface_ball.sv
    Info (12023): Found entity 1: ChipInterface_ball File: C:/Users/SimonYu/Documents/CMU/Build18/sociallyDistancedPong/FPGA/chipinterface_ball.sv Line: 2
Warning (12019): Can't analyze file -- file display.sv is missing
Info (12021): Found 2 design units, including 2 entities, in source file ball.sv
    Info (12023): Found entity 1: Ball File: C:/Users/SimonYu/Documents/CMU/Build18/sociallyDistancedPong/FPGA/ball.sv Line: 5
    Info (12023): Found entity 2: ball_test File: C:/Users/SimonYu/Documents/CMU/Build18/sociallyDistancedPong/FPGA/ball.sv Line: 65
Info (12021): Found 1 design units, including 1 entities, in source file vga.sv
    Info (12023): Found entity 1: vga File: C:/Users/SimonYu/Documents/CMU/Build18/sociallyDistancedPong/FPGA/vga.sv Line: 2
Info (12021): Found 6 design units, including 6 entities, in source file chipinterface.sv
    Info (12023): Found entity 1: ChipInterface File: C:/Users/SimonYu/Documents/CMU/Build18/sociallyDistancedPong/FPGA/chipinterface.sv Line: 5
    Info (12023): Found entity 2: UserInterface File: C:/Users/SimonYu/Documents/CMU/Build18/sociallyDistancedPong/FPGA/chipinterface.sv Line: 75
    Info (12023): Found entity 3: CommunicationSender File: C:/Users/SimonYu/Documents/CMU/Build18/sociallyDistancedPong/FPGA/chipinterface.sv Line: 83
    Info (12023): Found entity 4: CommunicationReceiver File: C:/Users/SimonYu/Documents/CMU/Build18/sociallyDistancedPong/FPGA/chipinterface.sv Line: 113
    Info (12023): Found entity 5: displayModule File: C:/Users/SimonYu/Documents/CMU/Build18/sociallyDistancedPong/FPGA/chipinterface.sv Line: 139
    Info (12023): Found entity 6: gameStateModule File: C:/Users/SimonYu/Documents/CMU/Build18/sociallyDistancedPong/FPGA/chipinterface.sv Line: 191
Warning (12090): Entity "mux" obtained from "Library.sv" instead of from Quartus Prime megafunction library File: C:/Users/SimonYu/Documents/CMU/Build18/sociallyDistancedPong/FPGA/Library.sv Line: 24
Info (12021): Found 16 design units, including 16 entities, in source file library.sv
    Info (12023): Found entity 1: comparator File: C:/Users/SimonYu/Documents/CMU/Build18/sociallyDistancedPong/FPGA/Library.sv Line: 2
    Info (12023): Found entity 2: adder File: C:/Users/SimonYu/Documents/CMU/Build18/sociallyDistancedPong/FPGA/Library.sv Line: 13
    Info (12023): Found entity 3: mux File: C:/Users/SimonYu/Documents/CMU/Build18/sociallyDistancedPong/FPGA/Library.sv Line: 24
    Info (12023): Found entity 4: mux2to1 File: C:/Users/SimonYu/Documents/CMU/Build18/sociallyDistancedPong/FPGA/Library.sv Line: 34
    Info (12023): Found entity 5: decoder File: C:/Users/SimonYu/Documents/CMU/Build18/sociallyDistancedPong/FPGA/Library.sv Line: 44
    Info (12023): Found entity 6: priority_encoder File: C:/Users/SimonYu/Documents/CMU/Build18/sociallyDistancedPong/FPGA/Library.sv Line: 58
    Info (12023): Found entity 7: register File: C:/Users/SimonYu/Documents/CMU/Build18/sociallyDistancedPong/FPGA/Library.sv Line: 83
    Info (12023): Found entity 8: counter File: C:/Users/SimonYu/Documents/CMU/Build18/sociallyDistancedPong/FPGA/Library.sv Line: 97
    Info (12023): Found entity 9: count_by_2 File: C:/Users/SimonYu/Documents/CMU/Build18/sociallyDistancedPong/FPGA/Library.sv Line: 115
    Info (12023): Found entity 10: simple_counter File: C:/Users/SimonYu/Documents/CMU/Build18/sociallyDistancedPong/FPGA/Library.sv Line: 134
    Info (12023): Found entity 11: shift_register File: C:/Users/SimonYu/Documents/CMU/Build18/sociallyDistancedPong/FPGA/Library.sv Line: 149
    Info (12023): Found entity 12: range_check File: C:/Users/SimonYu/Documents/CMU/Build18/sociallyDistancedPong/FPGA/Library.sv Line: 160
    Info (12023): Found entity 13: range_check2D File: C:/Users/SimonYu/Documents/CMU/Build18/sociallyDistancedPong/FPGA/Library.sv Line: 169
    Info (12023): Found entity 14: offset_check File: C:/Users/SimonYu/Documents/CMU/Build18/sociallyDistancedPong/FPGA/Library.sv Line: 183
    Info (12023): Found entity 15: offset_check2D File: C:/Users/SimonYu/Documents/CMU/Build18/sociallyDistancedPong/FPGA/Library.sv Line: 192
    Info (12023): Found entity 16: game_clock_generator File: C:/Users/SimonYu/Documents/CMU/Build18/sociallyDistancedPong/FPGA/Library.sv Line: 207
Info (12127): Elaborating entity "ChipInterface_ball" for the top level hierarchy
Warning (10036): Verilog HDL or VHDL warning at chipinterface_ball.sv(26): object "KEY_synced" assigned a value but never read File: C:/Users/SimonYu/Documents/CMU/Build18/sociallyDistancedPong/FPGA/chipinterface_ball.sv Line: 26
Warning (10034): Output port "HEX0" at chipinterface_ball.sv(6) has no driver File: C:/Users/SimonYu/Documents/CMU/Build18/sociallyDistancedPong/FPGA/chipinterface_ball.sv Line: 6
Warning (10034): Output port "HEX1" at chipinterface_ball.sv(6) has no driver File: C:/Users/SimonYu/Documents/CMU/Build18/sociallyDistancedPong/FPGA/chipinterface_ball.sv Line: 6
Warning (10034): Output port "HEX2" at chipinterface_ball.sv(6) has no driver File: C:/Users/SimonYu/Documents/CMU/Build18/sociallyDistancedPong/FPGA/chipinterface_ball.sv Line: 6
Warning (10034): Output port "HEX3" at chipinterface_ball.sv(6) has no driver File: C:/Users/SimonYu/Documents/CMU/Build18/sociallyDistancedPong/FPGA/chipinterface_ball.sv Line: 6
Warning (10034): Output port "HEX4" at chipinterface_ball.sv(7) has no driver File: C:/Users/SimonYu/Documents/CMU/Build18/sociallyDistancedPong/FPGA/chipinterface_ball.sv Line: 7
Warning (10034): Output port "HEX5" at chipinterface_ball.sv(7) has no driver File: C:/Users/SimonYu/Documents/CMU/Build18/sociallyDistancedPong/FPGA/chipinterface_ball.sv Line: 7
Warning (10034): Output port "HEX6" at chipinterface_ball.sv(7) has no driver File: C:/Users/SimonYu/Documents/CMU/Build18/sociallyDistancedPong/FPGA/chipinterface_ball.sv Line: 7
Warning (10034): Output port "HEX7" at chipinterface_ball.sv(7) has no driver File: C:/Users/SimonYu/Documents/CMU/Build18/sociallyDistancedPong/FPGA/chipinterface_ball.sv Line: 7
Info (12128): Elaborating entity "vga" for hierarchy "vga:vgaModule" File: C:/Users/SimonYu/Documents/CMU/Build18/sociallyDistancedPong/FPGA/chipinterface_ball.sv Line: 37
Info (12128): Elaborating entity "simple_counter" for hierarchy "vga:vgaModule|simple_counter:row_counter" File: C:/Users/SimonYu/Documents/CMU/Build18/sociallyDistancedPong/FPGA/vga.sv Line: 22
Info (12128): Elaborating entity "simple_counter" for hierarchy "vga:vgaModule|simple_counter:col_counter" File: C:/Users/SimonYu/Documents/CMU/Build18/sociallyDistancedPong/FPGA/vga.sv Line: 37
Info (12128): Elaborating entity "Ball" for hierarchy "Ball:ball1" File: C:/Users/SimonYu/Documents/CMU/Build18/sociallyDistancedPong/FPGA/chipinterface_ball.sv Line: 39
Warning (10230): Verilog HDL assignment warning at ball.sv(18): truncated value with size 32 to match size of target (10) File: C:/Users/SimonYu/Documents/CMU/Build18/sociallyDistancedPong/FPGA/ball.sv Line: 18
Warning (10230): Verilog HDL assignment warning at ball.sv(19): truncated value with size 32 to match size of target (10) File: C:/Users/SimonYu/Documents/CMU/Build18/sociallyDistancedPong/FPGA/ball.sv Line: 19
Info (12128): Elaborating entity "counter" for hierarchy "Ball:ball1|counter:down_reg" File: C:/Users/SimonYu/Documents/CMU/Build18/sociallyDistancedPong/FPGA/ball.sv Line: 34
Info (12128): Elaborating entity "counter" for hierarchy "Ball:ball1|counter:row_counter" File: C:/Users/SimonYu/Documents/CMU/Build18/sociallyDistancedPong/FPGA/ball.sv Line: 44
Info (12128): Elaborating entity "count_by_2" for hierarchy "Ball:ball1|count_by_2:col_counter" File: C:/Users/SimonYu/Documents/CMU/Build18/sociallyDistancedPong/FPGA/ball.sv Line: 50
Warning (13024): Output pins are stuck at VCC or GND
    Warning (13410): Pin "HEX0[0]" is stuck at GND File: C:/Users/SimonYu/Documents/CMU/Build18/sociallyDistancedPong/FPGA/chipinterface_ball.sv Line: 6
    Warning (13410): Pin "HEX0[1]" is stuck at GND File: C:/Users/SimonYu/Documents/CMU/Build18/sociallyDistancedPong/FPGA/chipinterface_ball.sv Line: 6
    Warning (13410): Pin "HEX0[2]" is stuck at GND File: C:/Users/SimonYu/Documents/CMU/Build18/sociallyDistancedPong/FPGA/chipinterface_ball.sv Line: 6
    Warning (13410): Pin "HEX0[3]" is stuck at GND File: C:/Users/SimonYu/Documents/CMU/Build18/sociallyDistancedPong/FPGA/chipinterface_ball.sv Line: 6
    Warning (13410): Pin "HEX0[4]" is stuck at GND File: C:/Users/SimonYu/Documents/CMU/Build18/sociallyDistancedPong/FPGA/chipinterface_ball.sv Line: 6
    Warning (13410): Pin "HEX0[5]" is stuck at GND File: C:/Users/SimonYu/Documents/CMU/Build18/sociallyDistancedPong/FPGA/chipinterface_ball.sv Line: 6
    Warning (13410): Pin "HEX0[6]" is stuck at GND File: C:/Users/SimonYu/Documents/CMU/Build18/sociallyDistancedPong/FPGA/chipinterface_ball.sv Line: 6
    Warning (13410): Pin "HEX1[0]" is stuck at GND File: C:/Users/SimonYu/Documents/CMU/Build18/sociallyDistancedPong/FPGA/chipinterface_ball.sv Line: 6
    Warning (13410): Pin "HEX1[1]" is stuck at GND File: C:/Users/SimonYu/Documents/CMU/Build18/sociallyDistancedPong/FPGA/chipinterface_ball.sv Line: 6
    Warning (13410): Pin "HEX1[2]" is stuck at GND File: C:/Users/SimonYu/Documents/CMU/Build18/sociallyDistancedPong/FPGA/chipinterface_ball.sv Line: 6
    Warning (13410): Pin "HEX1[3]" is stuck at GND File: C:/Users/SimonYu/Documents/CMU/Build18/sociallyDistancedPong/FPGA/chipinterface_ball.sv Line: 6
    Warning (13410): Pin "HEX1[4]" is stuck at GND File: C:/Users/SimonYu/Documents/CMU/Build18/sociallyDistancedPong/FPGA/chipinterface_ball.sv Line: 6
    Warning (13410): Pin "HEX1[5]" is stuck at GND File: C:/Users/SimonYu/Documents/CMU/Build18/sociallyDistancedPong/FPGA/chipinterface_ball.sv Line: 6
    Warning (13410): Pin "HEX1[6]" is stuck at GND File: C:/Users/SimonYu/Documents/CMU/Build18/sociallyDistancedPong/FPGA/chipinterface_ball.sv Line: 6
    Warning (13410): Pin "HEX2[0]" is stuck at GND File: C:/Users/SimonYu/Documents/CMU/Build18/sociallyDistancedPong/FPGA/chipinterface_ball.sv Line: 6
    Warning (13410): Pin "HEX2[1]" is stuck at GND File: C:/Users/SimonYu/Documents/CMU/Build18/sociallyDistancedPong/FPGA/chipinterface_ball.sv Line: 6
    Warning (13410): Pin "HEX2[2]" is stuck at GND File: C:/Users/SimonYu/Documents/CMU/Build18/sociallyDistancedPong/FPGA/chipinterface_ball.sv Line: 6
    Warning (13410): Pin "HEX2[3]" is stuck at GND File: C:/Users/SimonYu/Documents/CMU/Build18/sociallyDistancedPong/FPGA/chipinterface_ball.sv Line: 6
    Warning (13410): Pin "HEX2[4]" is stuck at GND File: C:/Users/SimonYu/Documents/CMU/Build18/sociallyDistancedPong/FPGA/chipinterface_ball.sv Line: 6
    Warning (13410): Pin "HEX2[5]" is stuck at GND File: C:/Users/SimonYu/Documents/CMU/Build18/sociallyDistancedPong/FPGA/chipinterface_ball.sv Line: 6
    Warning (13410): Pin "HEX2[6]" is stuck at GND File: C:/Users/SimonYu/Documents/CMU/Build18/sociallyDistancedPong/FPGA/chipinterface_ball.sv Line: 6
    Warning (13410): Pin "HEX3[0]" is stuck at GND File: C:/Users/SimonYu/Documents/CMU/Build18/sociallyDistancedPong/FPGA/chipinterface_ball.sv Line: 6
    Warning (13410): Pin "HEX3[1]" is stuck at GND File: C:/Users/SimonYu/Documents/CMU/Build18/sociallyDistancedPong/FPGA/chipinterface_ball.sv Line: 6
    Warning (13410): Pin "HEX3[2]" is stuck at GND File: C:/Users/SimonYu/Documents/CMU/Build18/sociallyDistancedPong/FPGA/chipinterface_ball.sv Line: 6
    Warning (13410): Pin "HEX3[3]" is stuck at GND File: C:/Users/SimonYu/Documents/CMU/Build18/sociallyDistancedPong/FPGA/chipinterface_ball.sv Line: 6
    Warning (13410): Pin "HEX3[4]" is stuck at GND File: C:/Users/SimonYu/Documents/CMU/Build18/sociallyDistancedPong/FPGA/chipinterface_ball.sv Line: 6
    Warning (13410): Pin "HEX3[5]" is stuck at GND File: C:/Users/SimonYu/Documents/CMU/Build18/sociallyDistancedPong/FPGA/chipinterface_ball.sv Line: 6
    Warning (13410): Pin "HEX3[6]" is stuck at GND File: C:/Users/SimonYu/Documents/CMU/Build18/sociallyDistancedPong/FPGA/chipinterface_ball.sv Line: 6
    Warning (13410): Pin "HEX4[0]" is stuck at GND File: C:/Users/SimonYu/Documents/CMU/Build18/sociallyDistancedPong/FPGA/chipinterface_ball.sv Line: 7
    Warning (13410): Pin "HEX4[1]" is stuck at GND File: C:/Users/SimonYu/Documents/CMU/Build18/sociallyDistancedPong/FPGA/chipinterface_ball.sv Line: 7
    Warning (13410): Pin "HEX4[2]" is stuck at GND File: C:/Users/SimonYu/Documents/CMU/Build18/sociallyDistancedPong/FPGA/chipinterface_ball.sv Line: 7
    Warning (13410): Pin "HEX4[3]" is stuck at GND File: C:/Users/SimonYu/Documents/CMU/Build18/sociallyDistancedPong/FPGA/chipinterface_ball.sv Line: 7
    Warning (13410): Pin "HEX4[4]" is stuck at GND File: C:/Users/SimonYu/Documents/CMU/Build18/sociallyDistancedPong/FPGA/chipinterface_ball.sv Line: 7
    Warning (13410): Pin "HEX4[5]" is stuck at GND File: C:/Users/SimonYu/Documents/CMU/Build18/sociallyDistancedPong/FPGA/chipinterface_ball.sv Line: 7
    Warning (13410): Pin "HEX4[6]" is stuck at GND File: C:/Users/SimonYu/Documents/CMU/Build18/sociallyDistancedPong/FPGA/chipinterface_ball.sv Line: 7
    Warning (13410): Pin "HEX5[0]" is stuck at GND File: C:/Users/SimonYu/Documents/CMU/Build18/sociallyDistancedPong/FPGA/chipinterface_ball.sv Line: 7
    Warning (13410): Pin "HEX5[1]" is stuck at GND File: C:/Users/SimonYu/Documents/CMU/Build18/sociallyDistancedPong/FPGA/chipinterface_ball.sv Line: 7
    Warning (13410): Pin "HEX5[2]" is stuck at GND File: C:/Users/SimonYu/Documents/CMU/Build18/sociallyDistancedPong/FPGA/chipinterface_ball.sv Line: 7
    Warning (13410): Pin "HEX5[3]" is stuck at GND File: C:/Users/SimonYu/Documents/CMU/Build18/sociallyDistancedPong/FPGA/chipinterface_ball.sv Line: 7
    Warning (13410): Pin "HEX5[4]" is stuck at GND File: C:/Users/SimonYu/Documents/CMU/Build18/sociallyDistancedPong/FPGA/chipinterface_ball.sv Line: 7
    Warning (13410): Pin "HEX5[5]" is stuck at GND File: C:/Users/SimonYu/Documents/CMU/Build18/sociallyDistancedPong/FPGA/chipinterface_ball.sv Line: 7
    Warning (13410): Pin "HEX5[6]" is stuck at GND File: C:/Users/SimonYu/Documents/CMU/Build18/sociallyDistancedPong/FPGA/chipinterface_ball.sv Line: 7
    Warning (13410): Pin "HEX6[0]" is stuck at GND File: C:/Users/SimonYu/Documents/CMU/Build18/sociallyDistancedPong/FPGA/chipinterface_ball.sv Line: 7
    Warning (13410): Pin "HEX6[1]" is stuck at GND File: C:/Users/SimonYu/Documents/CMU/Build18/sociallyDistancedPong/FPGA/chipinterface_ball.sv Line: 7
    Warning (13410): Pin "HEX6[2]" is stuck at GND File: C:/Users/SimonYu/Documents/CMU/Build18/sociallyDistancedPong/FPGA/chipinterface_ball.sv Line: 7
    Warning (13410): Pin "HEX6[3]" is stuck at GND File: C:/Users/SimonYu/Documents/CMU/Build18/sociallyDistancedPong/FPGA/chipinterface_ball.sv Line: 7
    Warning (13410): Pin "HEX6[4]" is stuck at GND File: C:/Users/SimonYu/Documents/CMU/Build18/sociallyDistancedPong/FPGA/chipinterface_ball.sv Line: 7
    Warning (13410): Pin "HEX6[5]" is stuck at GND File: C:/Users/SimonYu/Documents/CMU/Build18/sociallyDistancedPong/FPGA/chipinterface_ball.sv Line: 7
    Warning (13410): Pin "HEX6[6]" is stuck at GND File: C:/Users/SimonYu/Documents/CMU/Build18/sociallyDistancedPong/FPGA/chipinterface_ball.sv Line: 7
    Warning (13410): Pin "HEX7[0]" is stuck at GND File: C:/Users/SimonYu/Documents/CMU/Build18/sociallyDistancedPong/FPGA/chipinterface_ball.sv Line: 7
    Warning (13410): Pin "HEX7[1]" is stuck at GND File: C:/Users/SimonYu/Documents/CMU/Build18/sociallyDistancedPong/FPGA/chipinterface_ball.sv Line: 7
    Warning (13410): Pin "HEX7[2]" is stuck at GND File: C:/Users/SimonYu/Documents/CMU/Build18/sociallyDistancedPong/FPGA/chipinterface_ball.sv Line: 7
    Warning (13410): Pin "HEX7[3]" is stuck at GND File: C:/Users/SimonYu/Documents/CMU/Build18/sociallyDistancedPong/FPGA/chipinterface_ball.sv Line: 7
    Warning (13410): Pin "HEX7[4]" is stuck at GND File: C:/Users/SimonYu/Documents/CMU/Build18/sociallyDistancedPong/FPGA/chipinterface_ball.sv Line: 7
    Warning (13410): Pin "HEX7[5]" is stuck at GND File: C:/Users/SimonYu/Documents/CMU/Build18/sociallyDistancedPong/FPGA/chipinterface_ball.sv Line: 7
    Warning (13410): Pin "HEX7[6]" is stuck at GND File: C:/Users/SimonYu/Documents/CMU/Build18/sociallyDistancedPong/FPGA/chipinterface_ball.sv Line: 7
    Warning (13410): Pin "VGA_SYNC_N" is stuck at GND File: C:/Users/SimonYu/Documents/CMU/Build18/sociallyDistancedPong/FPGA/chipinterface_ball.sv Line: 9
Info (286030): Timing-Driven Synthesis is running
Info (144001): Generated suppressed messages file C:/Users/SimonYu/Documents/CMU/Build18/sociallyDistancedPong/FPGA/output_files/ChipInterface_ball.map.smsg
Info (16010): Generating hard_block partition "hard_block:auto_generated_inst"
    Info (16011): Adding 0 node(s), including 0 DDIO, 0 PLL, 0 transceiver and 0 LCELL
Warning (21074): Design contains 21 input pin(s) that do not drive logic
    Warning (15610): No output dependent on input pin "KEY[1]" File: C:/Users/SimonYu/Documents/CMU/Build18/sociallyDistancedPong/FPGA/chipinterface_ball.sv Line: 4
    Warning (15610): No output dependent on input pin "KEY[2]" File: C:/Users/SimonYu/Documents/CMU/Build18/sociallyDistancedPong/FPGA/chipinterface_ball.sv Line: 4
    Warning (15610): No output dependent on input pin "KEY[3]" File: C:/Users/SimonYu/Documents/CMU/Build18/sociallyDistancedPong/FPGA/chipinterface_ball.sv Line: 4
    Warning (15610): No output dependent on input pin "SW[0]" File: C:/Users/SimonYu/Documents/CMU/Build18/sociallyDistancedPong/FPGA/chipinterface_ball.sv Line: 5
    Warning (15610): No output dependent on input pin "SW[1]" File: C:/Users/SimonYu/Documents/CMU/Build18/sociallyDistancedPong/FPGA/chipinterface_ball.sv Line: 5
    Warning (15610): No output dependent on input pin "SW[2]" File: C:/Users/SimonYu/Documents/CMU/Build18/sociallyDistancedPong/FPGA/chipinterface_ball.sv Line: 5
    Warning (15610): No output dependent on input pin "SW[3]" File: C:/Users/SimonYu/Documents/CMU/Build18/sociallyDistancedPong/FPGA/chipinterface_ball.sv Line: 5
    Warning (15610): No output dependent on input pin "SW[4]" File: C:/Users/SimonYu/Documents/CMU/Build18/sociallyDistancedPong/FPGA/chipinterface_ball.sv Line: 5
    Warning (15610): No output dependent on input pin "SW[5]" File: C:/Users/SimonYu/Documents/CMU/Build18/sociallyDistancedPong/FPGA/chipinterface_ball.sv Line: 5
    Warning (15610): No output dependent on input pin "SW[6]" File: C:/Users/SimonYu/Documents/CMU/Build18/sociallyDistancedPong/FPGA/chipinterface_ball.sv Line: 5
    Warning (15610): No output dependent on input pin "SW[7]" File: C:/Users/SimonYu/Documents/CMU/Build18/sociallyDistancedPong/FPGA/chipinterface_ball.sv Line: 5
    Warning (15610): No output dependent on input pin "SW[8]" File: C:/Users/SimonYu/Documents/CMU/Build18/sociallyDistancedPong/FPGA/chipinterface_ball.sv Line: 5
    Warning (15610): No output dependent on input pin "SW[9]" File: C:/Users/SimonYu/Documents/CMU/Build18/sociallyDistancedPong/FPGA/chipinterface_ball.sv Line: 5
    Warning (15610): No output dependent on input pin "SW[10]" File: C:/Users/SimonYu/Documents/CMU/Build18/sociallyDistancedPong/FPGA/chipinterface_ball.sv Line: 5
    Warning (15610): No output dependent on input pin "SW[11]" File: C:/Users/SimonYu/Documents/CMU/Build18/sociallyDistancedPong/FPGA/chipinterface_ball.sv Line: 5
    Warning (15610): No output dependent on input pin "SW[12]" File: C:/Users/SimonYu/Documents/CMU/Build18/sociallyDistancedPong/FPGA/chipinterface_ball.sv Line: 5
    Warning (15610): No output dependent on input pin "SW[13]" File: C:/Users/SimonYu/Documents/CMU/Build18/sociallyDistancedPong/FPGA/chipinterface_ball.sv Line: 5
    Warning (15610): No output dependent on input pin "SW[14]" File: C:/Users/SimonYu/Documents/CMU/Build18/sociallyDistancedPong/FPGA/chipinterface_ball.sv Line: 5
    Warning (15610): No output dependent on input pin "SW[15]" File: C:/Users/SimonYu/Documents/CMU/Build18/sociallyDistancedPong/FPGA/chipinterface_ball.sv Line: 5
    Warning (15610): No output dependent on input pin "SW[16]" File: C:/Users/SimonYu/Documents/CMU/Build18/sociallyDistancedPong/FPGA/chipinterface_ball.sv Line: 5
    Warning (15610): No output dependent on input pin "SW[17]" File: C:/Users/SimonYu/Documents/CMU/Build18/sociallyDistancedPong/FPGA/chipinterface_ball.sv Line: 5
Info (21057): Implemented 228 device resources after synthesis - the final resource count might be different
    Info (21058): Implemented 23 input pins
    Info (21059): Implemented 85 output pins
    Info (21061): Implemented 120 logic cells
Info: Quartus Prime Analysis & Synthesis was successful. 0 errors, 94 warnings
    Info: Peak virtual memory: 4773 megabytes
    Info: Processing ended: Tue Feb  1 19:49:12 2022
    Info: Elapsed time: 00:00:08
    Info: Total CPU time (on all processors): 00:00:19


+------------------------------------------+
; Analysis & Synthesis Suppressed Messages ;
+------------------------------------------+
The suppressed messages can be found in C:/Users/SimonYu/Documents/CMU/Build18/sociallyDistancedPong/FPGA/output_files/ChipInterface_ball.map.smsg.


