Analysis & Synthesis report for FPGAQuartusProject
Mon Jan 31 20:24:49 2022
Quartus Prime Version 21.1.0 Build 842 10/21/2021 SJ Lite Edition


---------------------
; Table of Contents ;
---------------------
  1. Legal Notice
  2. Analysis & Synthesis Summary
  3. Analysis & Synthesis Settings
  4. Parallel Compilation
  5. Analysis & Synthesis Messages
  6. Analysis & Synthesis Suppressed Messages



----------------
; Legal Notice ;
----------------
Copyright (C) 2021  Intel Corporation. All rights reserved.
Your use of Intel Corporation's design tools, logic functions 
and other software and tools, and any partner logic 
functions, and any output files from any of the foregoing 
(including device programming or simulation files), and any 
associated documentation or information are expressly subject 
to the terms and conditions of the Intel Program License 
Subscription Agreement, the Intel Quartus Prime License Agreement,
the Intel FPGA IP License Agreement, or other applicable license
agreement, including, without limitation, that your use is for
the sole purpose of programming logic devices manufactured by
Intel and sold by Intel or its authorized distributors.  Please
refer to the applicable agreement for further details, at
https://fpgasoftware.intel.com/eula.



+----------------------------------------------------------------------------------+
; Analysis & Synthesis Summary                                                     ;
+------------------------------------+---------------------------------------------+
; Analysis & Synthesis Status        ; Failed - Mon Jan 31 20:24:49 2022           ;
; Quartus Prime Version              ; 21.1.0 Build 842 10/21/2021 SJ Lite Edition ;
; Revision Name                      ; FPGAQuartusProject                          ;
; Top-level Entity Name              ; ChipInterface                               ;
; Family                             ; Cyclone IV E                                ;
; Total logic elements               ; N/A until Partition Merge                   ;
;     Total combinational functions  ; N/A until Partition Merge                   ;
;     Dedicated logic registers      ; N/A until Partition Merge                   ;
; Total registers                    ; N/A until Partition Merge                   ;
; Total pins                         ; N/A until Partition Merge                   ;
; Total virtual pins                 ; N/A until Partition Merge                   ;
; Total memory bits                  ; N/A until Partition Merge                   ;
; Embedded Multiplier 9-bit elements ; N/A until Partition Merge                   ;
; Total PLLs                         ; N/A until Partition Merge                   ;
+------------------------------------+---------------------------------------------+


+------------------------------------------------------------------------------------------------------------+
; Analysis & Synthesis Settings                                                                              ;
+------------------------------------------------------------------+--------------------+--------------------+
; Option                                                           ; Setting            ; Default Value      ;
+------------------------------------------------------------------+--------------------+--------------------+
; Device                                                           ; EP4CE115F29C7      ;                    ;
; Top-level entity name                                            ; ChipInterface      ; FPGAQuartusProject ;
; Family name                                                      ; Cyclone IV E       ; Cyclone V          ;
; Use smart compilation                                            ; Off                ; Off                ;
; Enable parallel Assembler and Timing Analyzer during compilation ; On                 ; On                 ;
; Enable compact report table                                      ; Off                ; Off                ;
; Restructure Multiplexers                                         ; Auto               ; Auto               ;
; Create Debugging Nodes for IP Cores                              ; Off                ; Off                ;
; Preserve fewer node names                                        ; On                 ; On                 ;
; Intel FPGA IP Evaluation Mode                                    ; Enable             ; Enable             ;
; Verilog Version                                                  ; Verilog_2001       ; Verilog_2001       ;
; VHDL Version                                                     ; VHDL_1993          ; VHDL_1993          ;
; State Machine Processing                                         ; Auto               ; Auto               ;
; Safe State Machine                                               ; Off                ; Off                ;
; Extract Verilog State Machines                                   ; On                 ; On                 ;
; Extract VHDL State Machines                                      ; On                 ; On                 ;
; Ignore Verilog initial constructs                                ; Off                ; Off                ;
; Iteration limit for constant Verilog loops                       ; 5000               ; 5000               ;
; Iteration limit for non-constant Verilog loops                   ; 250                ; 250                ;
; Add Pass-Through Logic to Inferred RAMs                          ; On                 ; On                 ;
; Infer RAMs from Raw Logic                                        ; On                 ; On                 ;
; Parallel Synthesis                                               ; On                 ; On                 ;
; DSP Block Balancing                                              ; Auto               ; Auto               ;
; NOT Gate Push-Back                                               ; On                 ; On                 ;
; Power-Up Don't Care                                              ; On                 ; On                 ;
; Remove Redundant Logic Cells                                     ; Off                ; Off                ;
; Remove Duplicate Registers                                       ; On                 ; On                 ;
; Ignore CARRY Buffers                                             ; Off                ; Off                ;
; Ignore CASCADE Buffers                                           ; Off                ; Off                ;
; Ignore GLOBAL Buffers                                            ; Off                ; Off                ;
; Ignore ROW GLOBAL Buffers                                        ; Off                ; Off                ;
; Ignore LCELL Buffers                                             ; Off                ; Off                ;
; Ignore SOFT Buffers                                              ; On                 ; On                 ;
; Limit AHDL Integers to 32 Bits                                   ; Off                ; Off                ;
; Optimization Technique                                           ; Balanced           ; Balanced           ;
; Carry Chain Length                                               ; 70                 ; 70                 ;
; Auto Carry Chains                                                ; On                 ; On                 ;
; Auto Open-Drain Pins                                             ; On                 ; On                 ;
; Perform WYSIWYG Primitive Resynthesis                            ; Off                ; Off                ;
; Auto ROM Replacement                                             ; On                 ; On                 ;
; Auto RAM Replacement                                             ; On                 ; On                 ;
; Auto DSP Block Replacement                                       ; On                 ; On                 ;
; Auto Shift Register Replacement                                  ; Auto               ; Auto               ;
; Allow Shift Register Merging across Hierarchies                  ; Auto               ; Auto               ;
; Auto Clock Enable Replacement                                    ; On                 ; On                 ;
; Strict RAM Replacement                                           ; Off                ; Off                ;
; Allow Synchronous Control Signals                                ; On                 ; On                 ;
; Force Use of Synchronous Clear Signals                           ; Off                ; Off                ;
; Auto RAM Block Balancing                                         ; On                 ; On                 ;
; Auto RAM to Logic Cell Conversion                                ; Off                ; Off                ;
; Auto Resource Sharing                                            ; Off                ; Off                ;
; Allow Any RAM Size For Recognition                               ; Off                ; Off                ;
; Allow Any ROM Size For Recognition                               ; Off                ; Off                ;
; Allow Any Shift Register Size For Recognition                    ; Off                ; Off                ;
; Use LogicLock Constraints during Resource Balancing              ; On                 ; On                 ;
; Ignore translate_off and synthesis_off directives                ; Off                ; Off                ;
; Timing-Driven Synthesis                                          ; On                 ; On                 ;
; Report Parameter Settings                                        ; On                 ; On                 ;
; Report Source Assignments                                        ; On                 ; On                 ;
; Report Connectivity Checks                                       ; On                 ; On                 ;
; Ignore Maximum Fan-Out Assignments                               ; Off                ; Off                ;
; Synchronization Register Chain Length                            ; 2                  ; 2                  ;
; Power Optimization During Synthesis                              ; Normal compilation ; Normal compilation ;
; HDL message level                                                ; Level2             ; Level2             ;
; Suppress Register Optimization Related Messages                  ; Off                ; Off                ;
; Number of Removed Registers Reported in Synthesis Report         ; 5000               ; 5000               ;
; Number of Swept Nodes Reported in Synthesis Report               ; 5000               ; 5000               ;
; Number of Inverted Registers Reported in Synthesis Report        ; 100                ; 100                ;
; Clock MUX Protection                                             ; On                 ; On                 ;
; Auto Gated Clock Conversion                                      ; Off                ; Off                ;
; Block Design Naming                                              ; Auto               ; Auto               ;
; SDC constraint protection                                        ; Off                ; Off                ;
; Synthesis Effort                                                 ; Auto               ; Auto               ;
; Shift Register Replacement - Allow Asynchronous Clear Signal     ; On                 ; On                 ;
; Pre-Mapping Resynthesis Optimization                             ; Off                ; Off                ;
; Analysis & Synthesis Message Level                               ; Medium             ; Medium             ;
; Disable Register Merging Across Hierarchies                      ; Auto               ; Auto               ;
; Resource Aware Inference For Block RAM                           ; On                 ; On                 ;
+------------------------------------------------------------------+--------------------+--------------------+


+------------------------------------------+
; Parallel Compilation                     ;
+----------------------------+-------------+
; Processors                 ; Number      ;
+----------------------------+-------------+
; Number detected on machine ; 8           ;
; Maximum allowed            ; 4           ;
;                            ;             ;
; Average used               ; 1.00        ;
; Maximum used               ; 1           ;
;                            ;             ;
; Usage by Processor         ; % Time Used ;
;     Processor 1            ; 100.0%      ;
+----------------------------+-------------+


+-------------------------------+
; Analysis & Synthesis Messages ;
+-------------------------------+
Info: *******************************************************************
Info: Running Quartus Prime Analysis & Synthesis
    Info: Version 21.1.0 Build 842 10/21/2021 SJ Lite Edition
    Info: Processing started: Mon Jan 31 20:24:36 2022
Info: Command: quartus_map --read_settings_files=on --write_settings_files=off FPGAQuartusProject -c FPGAQuartusProject
Warning (18236): Number of processors has not been specified which may cause overloading on shared machines.  Set the global assignment NUM_PARALLEL_PROCESSORS in your QSF to an appropriate value for best performance.
Info (20030): Parallel compilation is enabled and will use 4 of the 4 processors detected
Info (12021): Found 1 design units, including 1 entities, in source file vga.sv
    Info (12023): Found entity 1: vga File: C:/Users/SimonYu/Documents/CMU/Build18/sociallyDistancedPong/FPGA/vga.sv Line: 2
Warning (12090): Entity "mux" obtained from "Library.sv" instead of from Quartus Prime megafunction library File: C:/Users/SimonYu/Documents/CMU/Build18/sociallyDistancedPong/FPGA/Library.sv Line: 24
Info (12021): Found 16 design units, including 16 entities, in source file library.sv
    Info (12023): Found entity 1: comparator File: C:/Users/SimonYu/Documents/CMU/Build18/sociallyDistancedPong/FPGA/Library.sv Line: 2
    Info (12023): Found entity 2: adder File: C:/Users/SimonYu/Documents/CMU/Build18/sociallyDistancedPong/FPGA/Library.sv Line: 13
    Info (12023): Found entity 3: mux File: C:/Users/SimonYu/Documents/CMU/Build18/sociallyDistancedPong/FPGA/Library.sv Line: 24
    Info (12023): Found entity 4: mux2to1 File: C:/Users/SimonYu/Documents/CMU/Build18/sociallyDistancedPong/FPGA/Library.sv Line: 34
    Info (12023): Found entity 5: decoder File: C:/Users/SimonYu/Documents/CMU/Build18/sociallyDistancedPong/FPGA/Library.sv Line: 44
    Info (12023): Found entity 6: priority_encoder File: C:/Users/SimonYu/Documents/CMU/Build18/sociallyDistancedPong/FPGA/Library.sv Line: 58
    Info (12023): Found entity 7: register File: C:/Users/SimonYu/Documents/CMU/Build18/sociallyDistancedPong/FPGA/Library.sv Line: 83
    Info (12023): Found entity 8: counter File: C:/Users/SimonYu/Documents/CMU/Build18/sociallyDistancedPong/FPGA/Library.sv Line: 97
    Info (12023): Found entity 9: count_by_2 File: C:/Users/SimonYu/Documents/CMU/Build18/sociallyDistancedPong/FPGA/Library.sv Line: 115
    Info (12023): Found entity 10: simple_counter File: C:/Users/SimonYu/Documents/CMU/Build18/sociallyDistancedPong/FPGA/Library.sv Line: 134
    Info (12023): Found entity 11: shift_register File: C:/Users/SimonYu/Documents/CMU/Build18/sociallyDistancedPong/FPGA/Library.sv Line: 149
    Info (12023): Found entity 12: range_check File: C:/Users/SimonYu/Documents/CMU/Build18/sociallyDistancedPong/FPGA/Library.sv Line: 160
    Info (12023): Found entity 13: range_check2D File: C:/Users/SimonYu/Documents/CMU/Build18/sociallyDistancedPong/FPGA/Library.sv Line: 169
    Info (12023): Found entity 14: offset_check File: C:/Users/SimonYu/Documents/CMU/Build18/sociallyDistancedPong/FPGA/Library.sv Line: 183
    Info (12023): Found entity 15: offset_check2D File: C:/Users/SimonYu/Documents/CMU/Build18/sociallyDistancedPong/FPGA/Library.sv Line: 192
    Info (12023): Found entity 16: game_clock_generator File: C:/Users/SimonYu/Documents/CMU/Build18/sociallyDistancedPong/FPGA/Library.sv Line: 207
Info (12021): Found 6 design units, including 6 entities, in source file chipinterface.sv
    Info (12023): Found entity 1: ChipInterface File: C:/Users/SimonYu/Documents/CMU/Build18/sociallyDistancedPong/FPGA/chipinterface.sv Line: 5
    Info (12023): Found entity 2: UserInterface File: C:/Users/SimonYu/Documents/CMU/Build18/sociallyDistancedPong/FPGA/chipinterface.sv Line: 76
    Info (12023): Found entity 3: CommunicationSender File: C:/Users/SimonYu/Documents/CMU/Build18/sociallyDistancedPong/FPGA/chipinterface.sv Line: 84
    Info (12023): Found entity 4: CommunicationReceiver File: C:/Users/SimonYu/Documents/CMU/Build18/sociallyDistancedPong/FPGA/chipinterface.sv Line: 114
    Info (12023): Found entity 5: displayModule File: C:/Users/SimonYu/Documents/CMU/Build18/sociallyDistancedPong/FPGA/chipinterface.sv Line: 140
    Info (12023): Found entity 6: gameStateModule File: C:/Users/SimonYu/Documents/CMU/Build18/sociallyDistancedPong/FPGA/chipinterface.sv Line: 190
Info (12127): Elaborating entity "ChipInterface" for the top level hierarchy
Warning (10036): Verilog HDL or VHDL warning at chipinterface.sv(21): object "clock_n" assigned a value but never read File: C:/Users/SimonYu/Documents/CMU/Build18/sociallyDistancedPong/FPGA/chipinterface.sv Line: 21
Warning (10858): Verilog HDL warning at chipinterface.sv(35): object blank used but never assigned File: C:/Users/SimonYu/Documents/CMU/Build18/sociallyDistancedPong/FPGA/chipinterface.sv Line: 35
Warning (10030): Net "GPIO_INPUTS" at chipinterface.sv(46) has no driver or initial value, using a default initial value '0' File: C:/Users/SimonYu/Documents/CMU/Build18/sociallyDistancedPong/FPGA/chipinterface.sv Line: 46
Warning (10030): Net "ball_y_tx" at chipinterface.sv(56) has no driver or initial value, using a default initial value '0' File: C:/Users/SimonYu/Documents/CMU/Build18/sociallyDistancedPong/FPGA/chipinterface.sv Line: 56
Warning (10030): Net "velocity_x_tx" at chipinterface.sv(57) has no driver or initial value, using a default initial value '0' File: C:/Users/SimonYu/Documents/CMU/Build18/sociallyDistancedPong/FPGA/chipinterface.sv Line: 57
Warning (10030): Net "velocity_y_tx" at chipinterface.sv(57) has no driver or initial value, using a default initial value '0' File: C:/Users/SimonYu/Documents/CMU/Build18/sociallyDistancedPong/FPGA/chipinterface.sv Line: 57
Warning (10030): Net "my_score_tx" at chipinterface.sv(60) has no driver or initial value, using a default initial value '0' File: C:/Users/SimonYu/Documents/CMU/Build18/sociallyDistancedPong/FPGA/chipinterface.sv Line: 60
Warning (10030): Net "your_score_tx" at chipinterface.sv(60) has no driver or initial value, using a default initial value '0' File: C:/Users/SimonYu/Documents/CMU/Build18/sociallyDistancedPong/FPGA/chipinterface.sv Line: 60
Warning (10030): Net "blank" at chipinterface.sv(35) has no driver or initial value, using a default initial value '0' File: C:/Users/SimonYu/Documents/CMU/Build18/sociallyDistancedPong/FPGA/chipinterface.sv Line: 35
Warning (10030): Net "send_new_message" at chipinterface.sv(51) has no driver or initial value, using a default initial value '0' File: C:/Users/SimonYu/Documents/CMU/Build18/sociallyDistancedPong/FPGA/chipinterface.sv Line: 51
Warning (10030): Net "message_acked" at chipinterface.sv(51) has no driver or initial value, using a default initial value '0' File: C:/Users/SimonYu/Documents/CMU/Build18/sociallyDistancedPong/FPGA/chipinterface.sv Line: 51
Warning (10030): Net "ball_message_tx" at chipinterface.sv(53) has no driver or initial value, using a default initial value '0' File: C:/Users/SimonYu/Documents/CMU/Build18/sociallyDistancedPong/FPGA/chipinterface.sv Line: 53
Warning (10030): Net "miss_message_tx" at chipinterface.sv(53) has no driver or initial value, using a default initial value '0' File: C:/Users/SimonYu/Documents/CMU/Build18/sociallyDistancedPong/FPGA/chipinterface.sv Line: 53
Warning (10030): Net "new_game_message_tx" at chipinterface.sv(53) has no driver or initial value, using a default initial value '0' File: C:/Users/SimonYu/Documents/CMU/Build18/sociallyDistancedPong/FPGA/chipinterface.sv Line: 53
Warning (10030): Net "new_game_ack_message_tx" at chipinterface.sv(53) has no driver or initial value, using a default initial value '0' File: C:/Users/SimonYu/Documents/CMU/Build18/sociallyDistancedPong/FPGA/chipinterface.sv Line: 53
Warning (10030): Net "you_should_serve_tx" at chipinterface.sv(61) has no driver or initial value, using a default initial value '0' File: C:/Users/SimonYu/Documents/CMU/Build18/sociallyDistancedPong/FPGA/chipinterface.sv Line: 61
Warning (10030): Net "you_serve_first_tx" at chipinterface.sv(64) has no driver or initial value, using a default initial value '0' File: C:/Users/SimonYu/Documents/CMU/Build18/sociallyDistancedPong/FPGA/chipinterface.sv Line: 64
Warning (10034): Output port "HEX0" at chipinterface.sv(9) has no driver File: C:/Users/SimonYu/Documents/CMU/Build18/sociallyDistancedPong/FPGA/chipinterface.sv Line: 9
Warning (10034): Output port "HEX1" at chipinterface.sv(9) has no driver File: C:/Users/SimonYu/Documents/CMU/Build18/sociallyDistancedPong/FPGA/chipinterface.sv Line: 9
Warning (10034): Output port "HEX2" at chipinterface.sv(9) has no driver File: C:/Users/SimonYu/Documents/CMU/Build18/sociallyDistancedPong/FPGA/chipinterface.sv Line: 9
Warning (10034): Output port "HEX3" at chipinterface.sv(9) has no driver File: C:/Users/SimonYu/Documents/CMU/Build18/sociallyDistancedPong/FPGA/chipinterface.sv Line: 9
Warning (10034): Output port "HEX4" at chipinterface.sv(10) has no driver File: C:/Users/SimonYu/Documents/CMU/Build18/sociallyDistancedPong/FPGA/chipinterface.sv Line: 10
Warning (10034): Output port "HEX5" at chipinterface.sv(10) has no driver File: C:/Users/SimonYu/Documents/CMU/Build18/sociallyDistancedPong/FPGA/chipinterface.sv Line: 10
Warning (10034): Output port "HEX6" at chipinterface.sv(10) has no driver File: C:/Users/SimonYu/Documents/CMU/Build18/sociallyDistancedPong/FPGA/chipinterface.sv Line: 10
Warning (10034): Output port "HEX7" at chipinterface.sv(10) has no driver File: C:/Users/SimonYu/Documents/CMU/Build18/sociallyDistancedPong/FPGA/chipinterface.sv Line: 10
Warning (10034): Output port "UART_TXD" at chipinterface.sv(16) has no driver File: C:/Users/SimonYu/Documents/CMU/Build18/sociallyDistancedPong/FPGA/chipinterface.sv Line: 16
Warning (10034): Output port "UART_CTS" at chipinterface.sv(17) has no driver File: C:/Users/SimonYu/Documents/CMU/Build18/sociallyDistancedPong/FPGA/chipinterface.sv Line: 17
Error (10028): Can't resolve multiple constant drivers for net "VGA_BLANK_N" at chipinterface.sv(42) File: C:/Users/SimonYu/Documents/CMU/Build18/sociallyDistancedPong/FPGA/chipinterface.sv Line: 42
Error (10029): Constant driver at chipinterface.sv(36) File: C:/Users/SimonYu/Documents/CMU/Build18/sociallyDistancedPong/FPGA/chipinterface.sv Line: 36
Error (12153): Can't elaborate top-level user hierarchy
Info (144001): Generated suppressed messages file C:/Users/SimonYu/Documents/CMU/Build18/sociallyDistancedPong/FPGA/output_files/FPGAQuartusProject.map.smsg
Error: Quartus Prime Analysis & Synthesis was unsuccessful. 3 errors, 29 warnings
    Error: Peak virtual memory: 4720 megabytes
    Error: Processing ended: Mon Jan 31 20:24:49 2022
    Error: Elapsed time: 00:00:13
    Error: Total CPU time (on all processors): 00:00:37


+------------------------------------------+
; Analysis & Synthesis Suppressed Messages ;
+------------------------------------------+
The suppressed messages can be found in C:/Users/SimonYu/Documents/CMU/Build18/sociallyDistancedPong/FPGA/output_files/FPGAQuartusProject.map.smsg.


